[2024-06-10 15:19:54 [32mINFO [0;39m restartedMain] [com.green.greenfirstproject.GreenFirstProjectApplication] [36mStarting GreenFirstProjectApplication using Java 17.0.11 with PID 13144 (D:\Students\FirstProject\BackEnd\GreenFirstProject\build\classes\java\main started by Administrator in D:\Students\FirstProject\BackEnd\GreenFirstProject)[0;39m
[2024-06-10 15:19:54 [32mINFO [0;39m restartedMain] [com.green.greenfirstproject.GreenFirstProjectApplication] [36mNo active profile set, falling back to 1 default profile: "default"[0;39m
[2024-06-10 15:19:54 [32mINFO [0;39m restartedMain] [org.springframework.boot.devtools.env.DevToolsPropertyDefaultsPostProcessor] [36mDevtools property defaults active! Set 'spring.devtools.add-properties' to 'false' to disable[0;39m
[2024-06-10 15:19:54 [32mINFO [0;39m restartedMain] [org.springframework.boot.devtools.env.DevToolsPropertyDefaultsPostProcessor] [36mFor additional web related logging consider setting the 'logging.level.web' property to 'DEBUG'[0;39m
[2024-06-10 15:19:55 [32mINFO [0;39m restartedMain] [org.springframework.boot.web.embedded.tomcat.TomcatWebServer] [36mTomcat initialized with port 8080 (http)[0;39m
[2024-06-10 15:19:55 [32mINFO [0;39m restartedMain] [org.apache.coyote.http11.Http11NioProtocol] [36mInitializing ProtocolHandler ["http-nio-8080"][0;39m
[2024-06-10 15:19:55 [32mINFO [0;39m restartedMain] [org.apache.catalina.core.StandardService] [36mStarting service [Tomcat][0;39m
[2024-06-10 15:19:55 [32mINFO [0;39m restartedMain] [org.apache.catalina.core.StandardEngine] [36mStarting Servlet engine: [Apache Tomcat/10.1.24][0;39m
[2024-06-10 15:19:55 [32mINFO [0;39m restartedMain] [org.apache.jasper.servlet.TldScanner] [36mAt least one JAR was scanned for TLDs yet contained no TLDs. Enable debug logging for this logger for a complete list of JARs that were scanned but no TLDs were found in them. Skipping unneeded JARs during scanning can improve startup time and JSP compilation time.[0;39m
[2024-06-10 15:19:55 [32mINFO [0;39m restartedMain] [org.apache.catalina.core.ContainerBase.[Tomcat].[localhost].[/]] [36mInitializing Spring embedded WebApplicationContext[0;39m
[2024-06-10 15:19:55 [32mINFO [0;39m restartedMain] [org.springframework.boot.web.servlet.context.ServletWebServerApplicationContext] [36mRoot WebApplicationContext: initialization completed in 1082 ms[0;39m
[2024-06-10 15:19:55 [32mINFO [0;39m restartedMain] [org.springframework.beans.factory.annotation.AutowiredAnnotationBeanPostProcessor] [36mAutowired annotation is not supported on static fields: public static java.lang.String com.green.greenfirstproject.user.socialservice.LoginServiceForGoogle.REDIRECT_URL[0;39m
[2024-06-10 15:19:55 [32mINFO [0;39m restartedMain] [org.springframework.beans.factory.annotation.AutowiredAnnotationBeanPostProcessor] [36mAutowired annotation is not supported on static fields: public static java.lang.String com.green.greenfirstproject.user.socialservice.LoginServiceForKakao.REDIRECT_URL[0;39m
[2024-06-10 15:19:55 [32mINFO [0;39m restartedMain] [org.springframework.beans.factory.annotation.AutowiredAnnotationBeanPostProcessor] [36mAutowired annotation is not supported on static fields: public static java.lang.String com.green.greenfirstproject.user.socialservice.LoginServiceForNaver.REDIRECT_URL[0;39m
[2024-06-10 15:19:55 [32mINFO [0;39m restartedMain] [org.springframework.boot.autoconfigure.web.servlet.WelcomePageHandlerMapping] [36mAdding welcome page template: index[0;39m
[2024-06-10 15:19:55 [32mINFO [0;39m restartedMain] [org.springframework.security.web.DefaultSecurityFilterChain] [36mWill secure any request with [org.springframework.security.web.session.DisableEncodeUrlFilter@26c69044, org.springframework.security.web.context.request.async.WebAsyncManagerIntegrationFilter@4a04a091, org.springframework.security.web.context.SecurityContextHolderFilter@2b3fc797, org.springframework.security.web.header.HeaderWriterFilter@4d36452, org.springframework.web.filter.CorsFilter@24e5194f, org.springframework.security.web.authentication.logout.LogoutFilter@6f067c, org.springframework.security.oauth2.client.web.OAuth2AuthorizationRequestRedirectFilter@300e3512, org.springframework.security.oauth2.client.web.OAuth2LoginAuthenticationFilter@73057c8f, org.springframework.security.web.authentication.UsernamePasswordAuthenticationFilter@d5d5ff9, org.springframework.security.web.savedrequest.RequestCacheAwareFilter@6c43ab24, org.springframework.security.web.servletapi.SecurityContextHolderAwareRequestFilter@4c2a149, org.springframework.security.web.authentication.rememberme.RememberMeAuthenticationFilter@393ab287, org.springframework.security.web.authentication.AnonymousAuthenticationFilter@5d59f1a6, org.springframework.security.web.access.ExceptionTranslationFilter@5c584a70, org.springframework.security.web.access.intercept.AuthorizationFilter@513decdd][0;39m
[2024-06-10 15:19:55 [32mINFO [0;39m restartedMain] [org.springframework.boot.devtools.autoconfigure.OptionalLiveReloadServer] [36mLiveReload server is running on port 35729[0;39m
[2024-06-10 15:19:55 [32mINFO [0;39m restartedMain] [org.apache.coyote.http11.Http11NioProtocol] [36mStarting ProtocolHandler ["http-nio-8080"][0;39m
[2024-06-10 15:19:55 [32mINFO [0;39m restartedMain] [org.springframework.boot.web.embedded.tomcat.TomcatWebServer] [36mTomcat started on port 8080 (http) with context path ''[0;39m
[2024-06-10 15:19:55 [32mINFO [0;39m restartedMain] [com.green.greenfirstproject.GreenFirstProjectApplication] [36mStarted GreenFirstProjectApplication in 2.218 seconds (process running for 2.639)[0;39m
[2024-06-10 15:20:08 [32mINFO [0;39m http-nio-8080-exec-1] [org.apache.catalina.core.ContainerBase.[Tomcat].[localhost].[/]] [36mInitializing Spring DispatcherServlet 'dispatcherServlet'[0;39m
[2024-06-10 15:20:08 [32mINFO [0;39m http-nio-8080-exec-1] [org.springframework.web.servlet.DispatcherServlet] [36mInitializing Servlet 'dispatcherServlet'[0;39m
[2024-06-10 15:20:08 [32mINFO [0;39m http-nio-8080-exec-1] [org.springframework.web.servlet.DispatcherServlet] [36mCompleted initialization in 1 ms[0;39m
[2024-06-10 15:20:15 [32mINFO [0;39m http-nio-8080-exec-1] [org.springdoc.api.AbstractOpenApiResource] [36mInit duration for springdoc-openapi is: 161 ms[0;39m
[2024-06-10 15:20:31 [32mINFO [0;39m http-nio-8080-exec-4] [com.zaxxer.hikari.HikariDataSource] [36mHikariPool-1 - Starting...[0;39m
[2024-06-10 15:20:32 [32mINFO [0;39m http-nio-8080-exec-4] [com.zaxxer.hikari.pool.HikariPool] [36mHikariPool-1 - Added connection net.sf.log4jdbc.sql.jdbcapi.ConnectionSpy@7564a7e8[0;39m
[2024-06-10 15:20:32 [32mINFO [0;39m http-nio-8080-exec-4] [com.zaxxer.hikari.HikariDataSource] [36mHikariPool-1 - Start completed.[0;39m
[2024-06-10 15:20:32 [32mDEBUG[0;39m http-nio-8080-exec-4] [jdbc.sqltiming] [36m com.zaxxer.hikari.pool.ProxyPreparedStatement.execute(ProxyPreparedStatement.java:44)
1. select * from user_master where user_email = 'gsb0708@naver.com' ;
 {executed in 197 msec}[0;39m
[2024-06-10 15:20:32 [32mINFO [0;39m http-nio-8080-exec-4] [jdbc.resultsettable] [36m
|---------|--------|-----------|--------------|--------|--------------|--------|---------|----------|
|user_seq |user_id |user_email |user_nickname |user_pw |user_login_gb |user_gb |input_dt |update_dt |
|---------|--------|-----------|--------------|--------|--------------|--------|---------|----------|
|---------|--------|-----------|--------------|--------|--------------|--------|---------|----------|
[0;39m
[2024-06-10 15:20:36 [32mDEBUG[0;39m http-nio-8080-exec-4] [jdbc.sqltiming] [36m com.zaxxer.hikari.pool.ProxyPreparedStatement.execute(ProxyPreparedStatement.java:44)
1. delete from email_token
            where token_email = 'gsb0708@naver.com'
 {executed in 195 msec}[0;39m
[2024-06-10 15:20:37 [32mDEBUG[0;39m http-nio-8080-exec-4] [jdbc.sqltiming] [36m com.zaxxer.hikari.pool.ProxyPreparedStatement.execute(ProxyPreparedStatement.java:44)
1. insert into email_token
            set token_email = 'gsb0708@naver.com' ,
                token_data = 'fd2ac8d1-35e2-4a49-bb16-2129565a6870' ,
                input_dt = 2024-06-10T15:20:36.879545500,
                end_dt = 2024-06-10T15:50:36.879545500
 {executed in 199 msec}[0;39m
[2024-06-10 15:21:40 [32mDEBUG[0;39m http-nio-8080-exec-9] [jdbc.sqltiming] [36m com.zaxxer.hikari.pool.ProxyPreparedStatement.execute(ProxyPreparedStatement.java:44)
1. SELECT EXISTS (
            SELECT 1
            FROM user_master
            WHERE user_id = 'gsb7080'
        )
 {executed in 197 msec}[0;39m
[2024-06-10 15:21:40 [32mINFO [0;39m http-nio-8080-exec-9] [jdbc.resultsettable] [36m
|-----------------------------------------------------------------------------------------------------------|
|exists (
            select 1
            from user_master
            where user_id = 'gsb7080'
        ) |
|-----------------------------------------------------------------------------------------------------------|
|false                                                                                                      |
|-----------------------------------------------------------------------------------------------------------|
[0;39m
[2024-06-10 15:21:41 [32mDEBUG[0;39m http-nio-8080-exec-9] [jdbc.sqltiming] [36m com.zaxxer.hikari.pool.ProxyPreparedStatement.execute(ProxyPreparedStatement.java:44)
1. SELECT EXISTS (
            SELECT 1
            FROM user_master
            WHERE user_nickname = 'Strormageddon'
        )
 {executed in 195 msec}[0;39m
[2024-06-10 15:21:41 [32mINFO [0;39m http-nio-8080-exec-9] [jdbc.resultsettable] [36m
|-----------------------------------------------------------------------------------------------------------------------|
|exists (
            select 1
            from user_master
            where user_nickname = 'strormageddon'
        ) |
|-----------------------------------------------------------------------------------------------------------------------|
|false                                                                                                                  |
|-----------------------------------------------------------------------------------------------------------------------|
[0;39m
[2024-06-10 15:21:41 [32mDEBUG[0;39m http-nio-8080-exec-9] [jdbc.sqltiming] [36m com.zaxxer.hikari.pool.ProxyPreparedStatement.execute(ProxyPreparedStatement.java:44)
1. select token_email as email , token_data as token , input_dt as inputDt, end_dt as endDt
        from email_token
        where token_data = 'fd2ac8d1-35e2-4a49-bb16-2129565a6870'
 {executed in 195 msec}[0;39m
[2024-06-10 15:21:41 [32mINFO [0;39m http-nio-8080-exec-9] [jdbc.resultsettable] [36m
|------------------|-------------------------------------|----------------------|----------------------|
|token_email       |token_data                           |input_dt              |end_dt                |
|------------------|-------------------------------------|----------------------|----------------------|
|gsb0708@naver.com |fd2ac8d1-35e2-4a49-bb16-2129565a6870 |2024-06-10 15:20:36.0 |2024-06-10 15:50:36.0 |
|------------------|-------------------------------------|----------------------|----------------------|
[0;39m
[2024-06-10 15:21:41 [32mDEBUG[0;39m http-nio-8080-exec-9] [jdbc.sqltiming] [36m com.zaxxer.hikari.pool.ProxyPreparedStatement.execute(ProxyPreparedStatement.java:44)
1. insert into user_master
            set user_id = 'gsb7080'
            , user_pw = '$2a$10$hS8GKuhL5h/QY1hSZOOKeuUTjKDmcCSKVip9xw4zwToyKIkScS90q'
            , user_nickname = 'Strormageddon'
            , user_email = 'gsb0708@naver.com'
            , user_gb = 1
            , user_login_gb = 1
 {executed in 198 msec}[0;39m
[2024-06-10 17:03:36 [32mDEBUG[0;39m http-nio-8080-exec-8] [jdbc.sqltiming] [36m com.zaxxer.hikari.pool.ProxyPreparedStatement.execute(ProxyPreparedStatement.java:44)
31. select * from user_master where user_email = 'jwy7254@naver,com' ;
 {executed in 195 msec}[0;39m
[2024-06-10 17:03:36 [32mINFO [0;39m http-nio-8080-exec-8] [jdbc.resultsettable] [36m
|---------|--------|-----------|--------------|--------|--------------|--------|---------|----------|
|user_seq |user_id |user_email |user_nickname |user_pw |user_login_gb |user_gb |input_dt |update_dt |
|---------|--------|-----------|--------------|--------|--------------|--------|---------|----------|
|---------|--------|-----------|--------------|--------|--------------|--------|---------|----------|
[0;39m
[2024-06-10 17:03:39 [31mERROR[0;39m http-nio-8080-exec-8] [com.green.greenfirstproject.common.EmailService] [36m-----메일 전송 실패-----[0;39m
[2024-06-10 17:03:39 [31mERROR[0;39m http-nio-8080-exec-8] [com.green.greenfirstproject.common.EmailService] [36mInvalid Addresses[0;39m
[2024-06-10 17:03:39 [31mERROR[0;39m http-nio-8080-exec-8] [com.green.greenfirstproject.common.EmailService] [36m----------------------[0;39m
[2024-06-10 17:03:39 [31mERROR[0;39m http-nio-8080-exec-8] [com.green.greenfirstproject.user.UserRestController] [36mAn error occurred: [0;39m
jakarta.mail.SendFailedException: Invalid Addresses
	at com.sun.mail.smtp.SMTPTransport.rcptTo(SMTPTransport.java:2064)
	at com.sun.mail.smtp.SMTPTransport.sendMessage(SMTPTransport.java:1286)
	at jakarta.mail.Transport.send0(Transport.java:231)
	at jakarta.mail.Transport.send(Transport.java:100)
	at com.green.greenfirstproject.common.EmailService.sendEmail(EmailService.java:70)
	at com.green.greenfirstproject.user.UserRestController.emailCheck(UserRestController.java:78)
	at java.base/jdk.internal.reflect.NativeMethodAccessorImpl.invoke0(Native Method)
	at java.base/jdk.internal.reflect.NativeMethodAccessorImpl.invoke(NativeMethodAccessorImpl.java:77)
	at java.base/jdk.internal.reflect.DelegatingMethodAccessorImpl.invoke(DelegatingMethodAccessorImpl.java:43)
	at java.base/java.lang.reflect.Method.invoke(Method.java:568)
	at org.springframework.web.method.support.InvocableHandlerMethod.doInvoke(InvocableHandlerMethod.java:255)
	at org.springframework.web.method.support.InvocableHandlerMethod.invokeForRequest(InvocableHandlerMethod.java:188)
	at org.springframework.web.servlet.mvc.method.annotation.ServletInvocableHandlerMethod.invokeAndHandle(ServletInvocableHandlerMethod.java:118)
	at org.springframework.web.servlet.mvc.method.annotation.RequestMappingHandlerAdapter.invokeHandlerMethod(RequestMappingHandlerAdapter.java:926)
	at org.springframework.web.servlet.mvc.method.annotation.RequestMappingHandlerAdapter.handleInternal(RequestMappingHandlerAdapter.java:831)
	at org.springframework.web.servlet.mvc.method.AbstractHandlerMethodAdapter.handle(AbstractHandlerMethodAdapter.java:87)
	at org.springframework.web.servlet.DispatcherServlet.doDispatch(DispatcherServlet.java:1089)
	at org.springframework.web.servlet.DispatcherServlet.doService(DispatcherServlet.java:979)
	at org.springframework.web.servlet.FrameworkServlet.processRequest(FrameworkServlet.java:1014)
	at org.springframework.web.servlet.FrameworkServlet.doGet(FrameworkServlet.java:903)
	at jakarta.servlet.http.HttpServlet.service(HttpServlet.java:619)
	at org.springframework.web.servlet.FrameworkServlet.service(FrameworkServlet.java:885)
	at jakarta.servlet.http.HttpServlet.service(HttpServlet.java:716)
	at org.apache.catalina.core.ApplicationFilterChain.internalDoFilter(ApplicationFilterChain.java:195)
	at org.apache.catalina.core.ApplicationFilterChain.doFilter(ApplicationFilterChain.java:140)
	at org.apache.tomcat.websocket.server.WsFilter.doFilter(WsFilter.java:51)
	at org.apache.catalina.core.ApplicationFilterChain.internalDoFilter(ApplicationFilterChain.java:164)
	at org.apache.catalina.core.ApplicationFilterChain.doFilter(ApplicationFilterChain.java:140)
	at org.springframework.web.filter.CompositeFilter$VirtualFilterChain.doFilter(CompositeFilter.java:108)
	at org.springframework.security.web.FilterChainProxy.lambda$doFilterInternal$3(FilterChainProxy.java:231)
	at org.springframework.security.web.FilterChainProxy$VirtualFilterChain.doFilter(FilterChainProxy.java:365)
	at org.springframework.security.web.access.intercept.AuthorizationFilter.doFilter(AuthorizationFilter.java:100)
	at org.springframework.security.web.FilterChainProxy$VirtualFilterChain.doFilter(FilterChainProxy.java:374)
	at org.springframework.security.web.access.ExceptionTranslationFilter.doFilter(ExceptionTranslationFilter.java:126)
	at org.springframework.security.web.access.ExceptionTranslationFilter.doFilter(ExceptionTranslationFilter.java:120)
	at org.springframework.security.web.FilterChainProxy$VirtualFilterChain.doFilter(FilterChainProxy.java:374)
	at org.springframework.security.web.authentication.AnonymousAuthenticationFilter.doFilter(AnonymousAuthenticationFilter.java:100)
	at org.springframework.security.web.FilterChainProxy$VirtualFilterChain.doFilter(FilterChainProxy.java:374)
	at org.springframework.security.web.authentication.rememberme.RememberMeAuthenticationFilter.doFilter(RememberMeAuthenticationFilter.java:145)
	at org.springframework.security.web.authentication.rememberme.RememberMeAuthenticationFilter.doFilter(RememberMeAuthenticationFilter.java:101)
	at org.springframework.security.web.FilterChainProxy$VirtualFilterChain.doFilter(FilterChainProxy.java:374)
	at org.springframework.security.web.servletapi.SecurityContextHolderAwareRequestFilter.doFilter(SecurityContextHolderAwareRequestFilter.java:179)
	at org.springframework.security.web.FilterChainProxy$VirtualFilterChain.doFilter(FilterChainProxy.java:374)
	at org.springframework.security.web.savedrequest.RequestCacheAwareFilter.doFilter(RequestCacheAwareFilter.java:63)
	at org.springframework.security.web.FilterChainProxy$VirtualFilterChain.doFilter(FilterChainProxy.java:374)
	at org.springframework.security.web.authentication.AbstractAuthenticationProcessingFilter.doFilter(AbstractAuthenticationProcessingFilter.java:227)
	at org.springframework.security.web.authentication.AbstractAuthenticationProcessingFilter.doFilter(AbstractAuthenticationProcessingFilter.java:221)
	at org.springframework.security.web.FilterChainProxy$VirtualFilterChain.doFilter(FilterChainProxy.java:374)
	at org.springframework.security.web.authentication.AbstractAuthenticationProcessingFilter.doFilter(AbstractAuthenticationProcessingFilter.java:227)
	at org.springframework.security.web.authentication.AbstractAuthenticationProcessingFilter.doFilter(AbstractAuthenticationProcessingFilter.java:221)
	at org.springframework.security.web.FilterChainProxy$VirtualFilterChain.doFilter(FilterChainProxy.java:374)
	at org.springframework.security.oauth2.client.web.OAuth2AuthorizationRequestRedirectFilter.doFilterInternal(OAuth2AuthorizationRequestRedirectFilter.java:181)
	at org.springframework.web.filter.OncePerRequestFilter.doFilter(OncePerRequestFilter.java:116)
	at org.springframework.security.web.FilterChainProxy$VirtualFilterChain.doFilter(FilterChainProxy.java:374)
	at org.springframework.security.web.authentication.logout.LogoutFilter.doFilter(LogoutFilter.java:107)
	at org.springframework.security.web.authentication.logout.LogoutFilter.doFilter(LogoutFilter.java:93)
	at org.springframework.security.web.FilterChainProxy$VirtualFilterChain.doFilter(FilterChainProxy.java:374)
	at org.springframework.web.filter.CorsFilter.doFilterInternal(CorsFilter.java:91)
	at org.springframework.web.filter.OncePerRequestFilter.doFilter(OncePerRequestFilter.java:116)
	at org.springframework.security.web.FilterChainProxy$VirtualFilterChain.doFilter(FilterChainProxy.java:374)
	at org.springframework.security.web.header.HeaderWriterFilter.doHeadersAfter(HeaderWriterFilter.java:90)
	at org.springframework.security.web.header.HeaderWriterFilter.doFilterInternal(HeaderWriterFilter.java:75)
	at org.springframework.web.filter.OncePerRequestFilter.doFilter(OncePerRequestFilter.java:116)
	at org.springframework.security.web.FilterChainProxy$VirtualFilterChain.doFilter(FilterChainProxy.java:374)
	at org.springframework.security.web.context.SecurityContextHolderFilter.doFilter(SecurityContextHolderFilter.java:82)
	at org.springframework.security.web.context.SecurityContextHolderFilter.doFilter(SecurityContextHolderFilter.java:69)
	at org.springframework.security.web.FilterChainProxy$VirtualFilterChain.doFilter(FilterChainProxy.java:374)
	at org.springframework.security.web.context.request.async.WebAsyncManagerIntegrationFilter.doFilterInternal(WebAsyncManagerIntegrationFilter.java:62)
	at org.springframework.web.filter.OncePerRequestFilter.doFilter(OncePerRequestFilter.java:116)
	at org.springframework.security.web.FilterChainProxy$VirtualFilterChain.doFilter(FilterChainProxy.java:374)
	at org.springframework.security.web.session.DisableEncodeUrlFilter.doFilterInternal(DisableEncodeUrlFilter.java:42)
	at org.springframework.web.filter.OncePerRequestFilter.doFilter(OncePerRequestFilter.java:116)
	at org.springframework.security.web.FilterChainProxy$VirtualFilterChain.doFilter(FilterChainProxy.java:374)
	at org.springframework.security.web.FilterChainProxy.doFilterInternal(FilterChainProxy.java:233)
	at org.springframework.security.web.FilterChainProxy.doFilter(FilterChainProxy.java:191)
	at org.springframework.web.filter.CompositeFilter$VirtualFilterChain.doFilter(CompositeFilter.java:113)
	at org.springframework.web.servlet.handler.HandlerMappingIntrospector.lambda$createCacheFilter$3(HandlerMappingIntrospector.java:195)
	at org.springframework.web.filter.CompositeFilter$VirtualFilterChain.doFilter(CompositeFilter.java:113)
	at org.springframework.web.filter.CompositeFilter.doFilter(CompositeFilter.java:74)
	at org.springframework.security.config.annotation.web.configuration.WebMvcSecurityConfiguration$CompositeFilterChainProxy.doFilter(WebMvcSecurityConfiguration.java:230)
	at org.springframework.web.filter.DelegatingFilterProxy.invokeDelegate(DelegatingFilterProxy.java:352)
	at org.springframework.web.filter.DelegatingFilterProxy.doFilter(DelegatingFilterProxy.java:268)
	at org.apache.catalina.core.ApplicationFilterChain.internalDoFilter(ApplicationFilterChain.java:164)
	at org.apache.catalina.core.ApplicationFilterChain.doFilter(ApplicationFilterChain.java:140)
	at org.springframework.web.filter.RequestContextFilter.doFilterInternal(RequestContextFilter.java:100)
	at org.springframework.web.filter.OncePerRequestFilter.doFilter(OncePerRequestFilter.java:116)
	at org.apache.catalina.core.ApplicationFilterChain.internalDoFilter(ApplicationFilterChain.java:164)
	at org.apache.catalina.core.ApplicationFilterChain.doFilter(ApplicationFilterChain.java:140)
	at org.springframework.web.filter.FormContentFilter.doFilterInternal(FormContentFilter.java:93)
	at org.springframework.web.filter.OncePerRequestFilter.doFilter(OncePerRequestFilter.java:116)
	at org.apache.catalina.core.ApplicationFilterChain.internalDoFilter(ApplicationFilterChain.java:164)
	at org.apache.catalina.core.ApplicationFilterChain.doFilter(ApplicationFilterChain.java:140)
	at org.springframework.web.filter.CharacterEncodingFilter.doFilterInternal(CharacterEncodingFilter.java:201)
	at org.springframework.web.filter.OncePerRequestFilter.doFilter(OncePerRequestFilter.java:116)
	at org.apache.catalina.core.ApplicationFilterChain.internalDoFilter(ApplicationFilterChain.java:164)
	at org.apache.catalina.core.ApplicationFilterChain.doFilter(ApplicationFilterChain.java:140)
	at org.apache.catalina.core.StandardWrapperValve.invoke(StandardWrapperValve.java:167)
	at org.apache.catalina.core.StandardContextValve.invoke(StandardContextValve.java:90)
	at org.apache.catalina.authenticator.AuthenticatorBase.invoke(AuthenticatorBase.java:482)
	at org.apache.catalina.core.StandardHostValve.invoke(StandardHostValve.java:115)
	at org.apache.catalina.valves.ErrorReportValve.invoke(ErrorReportValve.java:93)
	at org.apache.catalina.core.StandardEngineValve.invoke(StandardEngineValve.java:74)
	at org.apache.catalina.connector.CoyoteAdapter.service(CoyoteAdapter.java:344)
	at org.apache.coyote.http11.Http11Processor.service(Http11Processor.java:389)
	at org.apache.coyote.AbstractProcessorLight.process(AbstractProcessorLight.java:63)
	at org.apache.coyote.AbstractProtocol$ConnectionHandler.process(AbstractProtocol.java:896)
	at org.apache.tomcat.util.net.NioEndpoint$SocketProcessor.doRun(NioEndpoint.java:1741)
	at org.apache.tomcat.util.net.SocketProcessorBase.run(SocketProcessorBase.java:52)
	at org.apache.tomcat.util.threads.ThreadPoolExecutor.runWorker(ThreadPoolExecutor.java:1148)
	at org.apache.tomcat.util.threads.ThreadPoolExecutor$Worker.run(ThreadPoolExecutor.java:636)
	at org.apache.tomcat.util.threads.TaskThread$WrappingRunnable.run(TaskThread.java:63)
	at java.base/java.lang.Thread.run(Thread.java:840)
Caused by: com.sun.mail.smtp.SMTPAddressFailedException: 553-5.1.3 The recipient address <com> is not a valid RFC 5321 address. For more
553-5.1.3 information, go to
553-5.1.3  https://support.google.com/a/answer/3221692 and review RFC 5321
553 5.1.3 specifications. d2e1a72fcca58-704218a7607sm3626926b3a.130 - gsmtp

	at com.sun.mail.smtp.SMTPTransport.rcptTo(SMTPTransport.java:1917)
	... 111 common frames omitted
[2024-06-10 17:03:45 [32mDEBUG[0;39m http-nio-8080-exec-1] [jdbc.sqltiming] [36m com.zaxxer.hikari.pool.ProxyPreparedStatement.execute(ProxyPreparedStatement.java:44)
31. select * from user_master where user_email = 'jwy7254@naver,com' ;
 {executed in 196 msec}[0;39m
[2024-06-10 17:03:45 [32mINFO [0;39m http-nio-8080-exec-1] [jdbc.resultsettable] [36m
|---------|--------|-----------|--------------|--------|--------------|--------|---------|----------|
|user_seq |user_id |user_email |user_nickname |user_pw |user_login_gb |user_gb |input_dt |update_dt |
|---------|--------|-----------|--------------|--------|--------------|--------|---------|----------|
|---------|--------|-----------|--------------|--------|--------------|--------|---------|----------|
[0;39m
[2024-06-10 17:03:47 [31mERROR[0;39m http-nio-8080-exec-1] [com.green.greenfirstproject.common.EmailService] [36m-----메일 전송 실패-----[0;39m
[2024-06-10 17:03:47 [31mERROR[0;39m http-nio-8080-exec-1] [com.green.greenfirstproject.common.EmailService] [36mInvalid Addresses[0;39m
[2024-06-10 17:03:47 [31mERROR[0;39m http-nio-8080-exec-1] [com.green.greenfirstproject.common.EmailService] [36m----------------------[0;39m
[2024-06-10 17:03:47 [31mERROR[0;39m http-nio-8080-exec-1] [com.green.greenfirstproject.user.UserRestController] [36mAn error occurred: [0;39m
jakarta.mail.SendFailedException: Invalid Addresses
	at com.sun.mail.smtp.SMTPTransport.rcptTo(SMTPTransport.java:2064)
	at com.sun.mail.smtp.SMTPTransport.sendMessage(SMTPTransport.java:1286)
	at jakarta.mail.Transport.send0(Transport.java:231)
	at jakarta.mail.Transport.send(Transport.java:100)
	at com.green.greenfirstproject.common.EmailService.sendEmail(EmailService.java:70)
	at com.green.greenfirstproject.user.UserRestController.emailCheck(UserRestController.java:78)
	at java.base/jdk.internal.reflect.NativeMethodAccessorImpl.invoke0(Native Method)
	at java.base/jdk.internal.reflect.NativeMethodAccessorImpl.invoke(NativeMethodAccessorImpl.java:77)
	at java.base/jdk.internal.reflect.DelegatingMethodAccessorImpl.invoke(DelegatingMethodAccessorImpl.java:43)
	at java.base/java.lang.reflect.Method.invoke(Method.java:568)
	at org.springframework.web.method.support.InvocableHandlerMethod.doInvoke(InvocableHandlerMethod.java:255)
	at org.springframework.web.method.support.InvocableHandlerMethod.invokeForRequest(InvocableHandlerMethod.java:188)
	at org.springframework.web.servlet.mvc.method.annotation.ServletInvocableHandlerMethod.invokeAndHandle(ServletInvocableHandlerMethod.java:118)
	at org.springframework.web.servlet.mvc.method.annotation.RequestMappingHandlerAdapter.invokeHandlerMethod(RequestMappingHandlerAdapter.java:926)
	at org.springframework.web.servlet.mvc.method.annotation.RequestMappingHandlerAdapter.handleInternal(RequestMappingHandlerAdapter.java:831)
	at org.springframework.web.servlet.mvc.method.AbstractHandlerMethodAdapter.handle(AbstractHandlerMethodAdapter.java:87)
	at org.springframework.web.servlet.DispatcherServlet.doDispatch(DispatcherServlet.java:1089)
	at org.springframework.web.servlet.DispatcherServlet.doService(DispatcherServlet.java:979)
	at org.springframework.web.servlet.FrameworkServlet.processRequest(FrameworkServlet.java:1014)
	at org.springframework.web.servlet.FrameworkServlet.doGet(FrameworkServlet.java:903)
	at jakarta.servlet.http.HttpServlet.service(HttpServlet.java:619)
	at org.springframework.web.servlet.FrameworkServlet.service(FrameworkServlet.java:885)
	at jakarta.servlet.http.HttpServlet.service(HttpServlet.java:716)
	at org.apache.catalina.core.ApplicationFilterChain.internalDoFilter(ApplicationFilterChain.java:195)
	at org.apache.catalina.core.ApplicationFilterChain.doFilter(ApplicationFilterChain.java:140)
	at org.apache.tomcat.websocket.server.WsFilter.doFilter(WsFilter.java:51)
	at org.apache.catalina.core.ApplicationFilterChain.internalDoFilter(ApplicationFilterChain.java:164)
	at org.apache.catalina.core.ApplicationFilterChain.doFilter(ApplicationFilterChain.java:140)
	at org.springframework.web.filter.CompositeFilter$VirtualFilterChain.doFilter(CompositeFilter.java:108)
	at org.springframework.security.web.FilterChainProxy.lambda$doFilterInternal$3(FilterChainProxy.java:231)
	at org.springframework.security.web.FilterChainProxy$VirtualFilterChain.doFilter(FilterChainProxy.java:365)
	at org.springframework.security.web.access.intercept.AuthorizationFilter.doFilter(AuthorizationFilter.java:100)
	at org.springframework.security.web.FilterChainProxy$VirtualFilterChain.doFilter(FilterChainProxy.java:374)
	at org.springframework.security.web.access.ExceptionTranslationFilter.doFilter(ExceptionTranslationFilter.java:126)
	at org.springframework.security.web.access.ExceptionTranslationFilter.doFilter(ExceptionTranslationFilter.java:120)
	at org.springframework.security.web.FilterChainProxy$VirtualFilterChain.doFilter(FilterChainProxy.java:374)
	at org.springframework.security.web.authentication.AnonymousAuthenticationFilter.doFilter(AnonymousAuthenticationFilter.java:100)
	at org.springframework.security.web.FilterChainProxy$VirtualFilterChain.doFilter(FilterChainProxy.java:374)
	at org.springframework.security.web.authentication.rememberme.RememberMeAuthenticationFilter.doFilter(RememberMeAuthenticationFilter.java:145)
	at org.springframework.security.web.authentication.rememberme.RememberMeAuthenticationFilter.doFilter(RememberMeAuthenticationFilter.java:101)
	at org.springframework.security.web.FilterChainProxy$VirtualFilterChain.doFilter(FilterChainProxy.java:374)
	at org.springframework.security.web.servletapi.SecurityContextHolderAwareRequestFilter.doFilter(SecurityContextHolderAwareRequestFilter.java:179)
	at org.springframework.security.web.FilterChainProxy$VirtualFilterChain.doFilter(FilterChainProxy.java:374)
	at org.springframework.security.web.savedrequest.RequestCacheAwareFilter.doFilter(RequestCacheAwareFilter.java:63)
	at org.springframework.security.web.FilterChainProxy$VirtualFilterChain.doFilter(FilterChainProxy.java:374)
	at org.springframework.security.web.authentication.AbstractAuthenticationProcessingFilter.doFilter(AbstractAuthenticationProcessingFilter.java:227)
	at org.springframework.security.web.authentication.AbstractAuthenticationProcessingFilter.doFilter(AbstractAuthenticationProcessingFilter.java:221)
	at org.springframework.security.web.FilterChainProxy$VirtualFilterChain.doFilter(FilterChainProxy.java:374)
	at org.springframework.security.web.authentication.AbstractAuthenticationProcessingFilter.doFilter(AbstractAuthenticationProcessingFilter.java:227)
	at org.springframework.security.web.authentication.AbstractAuthenticationProcessingFilter.doFilter(AbstractAuthenticationProcessingFilter.java:221)
	at org.springframework.security.web.FilterChainProxy$VirtualFilterChain.doFilter(FilterChainProxy.java:374)
	at org.springframework.security.oauth2.client.web.OAuth2AuthorizationRequestRedirectFilter.doFilterInternal(OAuth2AuthorizationRequestRedirectFilter.java:181)
	at org.springframework.web.filter.OncePerRequestFilter.doFilter(OncePerRequestFilter.java:116)
	at org.springframework.security.web.FilterChainProxy$VirtualFilterChain.doFilter(FilterChainProxy.java:374)
	at org.springframework.security.web.authentication.logout.LogoutFilter.doFilter(LogoutFilter.java:107)
	at org.springframework.security.web.authentication.logout.LogoutFilter.doFilter(LogoutFilter.java:93)
	at org.springframework.security.web.FilterChainProxy$VirtualFilterChain.doFilter(FilterChainProxy.java:374)
	at org.springframework.web.filter.CorsFilter.doFilterInternal(CorsFilter.java:91)
	at org.springframework.web.filter.OncePerRequestFilter.doFilter(OncePerRequestFilter.java:116)
	at org.springframework.security.web.FilterChainProxy$VirtualFilterChain.doFilter(FilterChainProxy.java:374)
	at org.springframework.security.web.header.HeaderWriterFilter.doHeadersAfter(HeaderWriterFilter.java:90)
	at org.springframework.security.web.header.HeaderWriterFilter.doFilterInternal(HeaderWriterFilter.java:75)
	at org.springframework.web.filter.OncePerRequestFilter.doFilter(OncePerRequestFilter.java:116)
	at org.springframework.security.web.FilterChainProxy$VirtualFilterChain.doFilter(FilterChainProxy.java:374)
	at org.springframework.security.web.context.SecurityContextHolderFilter.doFilter(SecurityContextHolderFilter.java:82)
	at org.springframework.security.web.context.SecurityContextHolderFilter.doFilter(SecurityContextHolderFilter.java:69)
	at org.springframework.security.web.FilterChainProxy$VirtualFilterChain.doFilter(FilterChainProxy.java:374)
	at org.springframework.security.web.context.request.async.WebAsyncManagerIntegrationFilter.doFilterInternal(WebAsyncManagerIntegrationFilter.java:62)
	at org.springframework.web.filter.OncePerRequestFilter.doFilter(OncePerRequestFilter.java:116)
	at org.springframework.security.web.FilterChainProxy$VirtualFilterChain.doFilter(FilterChainProxy.java:374)
	at org.springframework.security.web.session.DisableEncodeUrlFilter.doFilterInternal(DisableEncodeUrlFilter.java:42)
	at org.springframework.web.filter.OncePerRequestFilter.doFilter(OncePerRequestFilter.java:116)
	at org.springframework.security.web.FilterChainProxy$VirtualFilterChain.doFilter(FilterChainProxy.java:374)
	at org.springframework.security.web.FilterChainProxy.doFilterInternal(FilterChainProxy.java:233)
	at org.springframework.security.web.FilterChainProxy.doFilter(FilterChainProxy.java:191)
	at org.springframework.web.filter.CompositeFilter$VirtualFilterChain.doFilter(CompositeFilter.java:113)
	at org.springframework.web.servlet.handler.HandlerMappingIntrospector.lambda$createCacheFilter$3(HandlerMappingIntrospector.java:195)
	at org.springframework.web.filter.CompositeFilter$VirtualFilterChain.doFilter(CompositeFilter.java:113)
	at org.springframework.web.filter.CompositeFilter.doFilter(CompositeFilter.java:74)
	at org.springframework.security.config.annotation.web.configuration.WebMvcSecurityConfiguration$CompositeFilterChainProxy.doFilter(WebMvcSecurityConfiguration.java:230)
	at org.springframework.web.filter.DelegatingFilterProxy.invokeDelegate(DelegatingFilterProxy.java:352)
	at org.springframework.web.filter.DelegatingFilterProxy.doFilter(DelegatingFilterProxy.java:268)
	at org.apache.catalina.core.ApplicationFilterChain.internalDoFilter(ApplicationFilterChain.java:164)
	at org.apache.catalina.core.ApplicationFilterChain.doFilter(ApplicationFilterChain.java:140)
	at org.springframework.web.filter.RequestContextFilter.doFilterInternal(RequestContextFilter.java:100)
	at org.springframework.web.filter.OncePerRequestFilter.doFilter(OncePerRequestFilter.java:116)
	at org.apache.catalina.core.ApplicationFilterChain.internalDoFilter(ApplicationFilterChain.java:164)
	at org.apache.catalina.core.ApplicationFilterChain.doFilter(ApplicationFilterChain.java:140)
	at org.springframework.web.filter.FormContentFilter.doFilterInternal(FormContentFilter.java:93)
	at org.springframework.web.filter.OncePerRequestFilter.doFilter(OncePerRequestFilter.java:116)
	at org.apache.catalina.core.ApplicationFilterChain.internalDoFilter(ApplicationFilterChain.java:164)
	at org.apache.catalina.core.ApplicationFilterChain.doFilter(ApplicationFilterChain.java:140)
	at org.springframework.web.filter.CharacterEncodingFilter.doFilterInternal(CharacterEncodingFilter.java:201)
	at org.springframework.web.filter.OncePerRequestFilter.doFilter(OncePerRequestFilter.java:116)
	at org.apache.catalina.core.ApplicationFilterChain.internalDoFilter(ApplicationFilterChain.java:164)
	at org.apache.catalina.core.ApplicationFilterChain.doFilter(ApplicationFilterChain.java:140)
	at org.apache.catalina.core.StandardWrapperValve.invoke(StandardWrapperValve.java:167)
	at org.apache.catalina.core.StandardContextValve.invoke(StandardContextValve.java:90)
	at org.apache.catalina.authenticator.AuthenticatorBase.invoke(AuthenticatorBase.java:482)
	at org.apache.catalina.core.StandardHostValve.invoke(StandardHostValve.java:115)
	at org.apache.catalina.valves.ErrorReportValve.invoke(ErrorReportValve.java:93)
	at org.apache.catalina.core.StandardEngineValve.invoke(StandardEngineValve.java:74)
	at org.apache.catalina.connector.CoyoteAdapter.service(CoyoteAdapter.java:344)
	at org.apache.coyote.http11.Http11Processor.service(Http11Processor.java:389)
	at org.apache.coyote.AbstractProcessorLight.process(AbstractProcessorLight.java:63)
	at org.apache.coyote.AbstractProtocol$ConnectionHandler.process(AbstractProtocol.java:896)
	at org.apache.tomcat.util.net.NioEndpoint$SocketProcessor.doRun(NioEndpoint.java:1741)
	at org.apache.tomcat.util.net.SocketProcessorBase.run(SocketProcessorBase.java:52)
	at org.apache.tomcat.util.threads.ThreadPoolExecutor.runWorker(ThreadPoolExecutor.java:1148)
	at org.apache.tomcat.util.threads.ThreadPoolExecutor$Worker.run(ThreadPoolExecutor.java:636)
	at org.apache.tomcat.util.threads.TaskThread$WrappingRunnable.run(TaskThread.java:63)
	at java.base/java.lang.Thread.run(Thread.java:840)
Caused by: com.sun.mail.smtp.SMTPAddressFailedException: 553-5.1.3 The recipient address <com> is not a valid RFC 5321 address. For more
553-5.1.3 information, go to
553-5.1.3  https://support.google.com/a/answer/3221692 and review RFC 5321
553 5.1.3 specifications. d9443c01a7336-1f6bd76b861sm77753365ad.68 - gsmtp

	at com.sun.mail.smtp.SMTPTransport.rcptTo(SMTPTransport.java:1917)
	... 111 common frames omitted
[2024-06-10 18:00:44 [32mINFO [0;39m File Watcher] [org.springframework.boot.devtools.autoconfigure.LocalDevToolsAutoConfiguration$RestartingClassPathChangeChangedEventListener] [36mRestarting due to 7 class path changes (0 additions, 0 deletions, 7 modifications)[0;39m
[2024-06-10 18:00:44 [32mINFO [0;39m Thread-5] [org.apache.coyote.http11.Http11NioProtocol] [36mStopping ProtocolHandler ["http-nio-8080"][0;39m
[2024-06-10 18:00:44 [32mINFO [0;39m Thread-5] [com.zaxxer.hikari.HikariDataSource] [36mHikariPool-1 - Shutdown initiated...[0;39m
[2024-06-10 18:00:45 [32mINFO [0;39m Thread-5] [com.zaxxer.hikari.HikariDataSource] [36mHikariPool-1 - Shutdown completed.[0;39m
[2024-06-10 18:00:45 [32mINFO [0;39m restartedMain] [com.green.greenfirstproject.GreenFirstProjectApplication] [36mStarting GreenFirstProjectApplication using Java 17.0.11 with PID 13144 (D:\Students\FirstProject\BackEnd\GreenFirstProject\build\classes\java\main started by Administrator in D:\Students\FirstProject\BackEnd\GreenFirstProject)[0;39m
[2024-06-10 18:00:45 [32mINFO [0;39m restartedMain] [com.green.greenfirstproject.GreenFirstProjectApplication] [36mNo active profile set, falling back to 1 default profile: "default"[0;39m
[2024-06-10 18:00:45 [32mINFO [0;39m restartedMain] [org.springframework.boot.web.embedded.tomcat.TomcatWebServer] [36mTomcat initialized with port 8080 (http)[0;39m
[2024-06-10 18:00:45 [32mINFO [0;39m restartedMain] [org.apache.coyote.http11.Http11NioProtocol] [36mInitializing ProtocolHandler ["http-nio-8080"][0;39m
[2024-06-10 18:00:45 [32mINFO [0;39m restartedMain] [org.apache.catalina.core.StandardService] [36mStarting service [Tomcat][0;39m
[2024-06-10 18:00:45 [32mINFO [0;39m restartedMain] [org.apache.catalina.core.StandardEngine] [36mStarting Servlet engine: [Apache Tomcat/10.1.24][0;39m
[2024-06-10 18:00:45 [32mINFO [0;39m restartedMain] [org.apache.jasper.servlet.TldScanner] [36mAt least one JAR was scanned for TLDs yet contained no TLDs. Enable debug logging for this logger for a complete list of JARs that were scanned but no TLDs were found in them. Skipping unneeded JARs during scanning can improve startup time and JSP compilation time.[0;39m
[2024-06-10 18:00:45 [32mINFO [0;39m restartedMain] [org.apache.catalina.core.ContainerBase.[Tomcat].[localhost].[/]] [36mInitializing Spring embedded WebApplicationContext[0;39m
[2024-06-10 18:00:45 [32mINFO [0;39m restartedMain] [org.springframework.boot.web.servlet.context.ServletWebServerApplicationContext] [36mRoot WebApplicationContext: initialization completed in 289 ms[0;39m
[2024-06-10 18:00:45 [32mINFO [0;39m restartedMain] [org.springframework.beans.factory.annotation.AutowiredAnnotationBeanPostProcessor] [36mAutowired annotation is not supported on static fields: public static java.lang.String com.green.greenfirstproject.user.socialservice.LoginServiceForGoogle.REDIRECT_URL[0;39m
[2024-06-10 18:00:45 [32mINFO [0;39m restartedMain] [org.springframework.beans.factory.annotation.AutowiredAnnotationBeanPostProcessor] [36mAutowired annotation is not supported on static fields: public static java.lang.String com.green.greenfirstproject.user.socialservice.LoginServiceForKakao.REDIRECT_URL[0;39m
[2024-06-10 18:00:45 [32mINFO [0;39m restartedMain] [org.springframework.beans.factory.annotation.AutowiredAnnotationBeanPostProcessor] [36mAutowired annotation is not supported on static fields: public static java.lang.String com.green.greenfirstproject.user.socialservice.LoginServiceForNaver.REDIRECT_URL[0;39m
[2024-06-10 18:00:45 [32mINFO [0;39m restartedMain] [org.springframework.boot.autoconfigure.web.servlet.WelcomePageHandlerMapping] [36mAdding welcome page template: index[0;39m
[2024-06-10 18:00:45 [32mINFO [0;39m restartedMain] [org.springframework.security.web.DefaultSecurityFilterChain] [36mWill secure any request with [org.springframework.security.web.session.DisableEncodeUrlFilter@7135ea51, org.springframework.security.web.context.request.async.WebAsyncManagerIntegrationFilter@5a2d713a, org.springframework.security.web.context.SecurityContextHolderFilter@6afb7810, org.springframework.security.web.header.HeaderWriterFilter@5960982b, org.springframework.web.filter.CorsFilter@1f9a0b1d, org.springframework.security.web.authentication.logout.LogoutFilter@10198e24, org.springframework.security.oauth2.client.web.OAuth2AuthorizationRequestRedirectFilter@2cc0ee7b, org.springframework.security.oauth2.client.web.OAuth2LoginAuthenticationFilter@29ad8be1, org.springframework.security.web.authentication.UsernamePasswordAuthenticationFilter@7eab3c95, org.springframework.security.web.savedrequest.RequestCacheAwareFilter@24da722f, org.springframework.security.web.servletapi.SecurityContextHolderAwareRequestFilter@b537a59, org.springframework.security.web.authentication.rememberme.RememberMeAuthenticationFilter@56dd3b8b, org.springframework.security.web.authentication.AnonymousAuthenticationFilter@20246a06, org.springframework.security.web.access.ExceptionTranslationFilter@b349247, org.springframework.security.web.access.intercept.AuthorizationFilter@3b9892e5][0;39m
[2024-06-10 18:00:45 [32mINFO [0;39m restartedMain] [org.springframework.boot.devtools.autoconfigure.OptionalLiveReloadServer] [36mLiveReload server is running on port 35729[0;39m
[2024-06-10 18:00:45 [32mINFO [0;39m restartedMain] [org.apache.coyote.http11.Http11NioProtocol] [36mStarting ProtocolHandler ["http-nio-8080"][0;39m
[2024-06-10 18:00:45 [32mINFO [0;39m restartedMain] [org.springframework.boot.web.embedded.tomcat.TomcatWebServer] [36mTomcat started on port 8080 (http) with context path ''[0;39m
[2024-06-10 18:00:45 [32mINFO [0;39m restartedMain] [com.green.greenfirstproject.GreenFirstProjectApplication] [36mStarted GreenFirstProjectApplication in 0.51 seconds (process running for 9652.243)[0;39m
[2024-06-10 18:00:45 [32mINFO [0;39m restartedMain] [org.springframework.boot.devtools.autoconfigure.ConditionEvaluationDeltaLoggingListener] [36mCondition evaluation unchanged[0;39m
[2024-06-10 18:01:03 [32mINFO [0;39m http-nio-8080-exec-1] [org.apache.catalina.core.ContainerBase.[Tomcat].[localhost].[/]] [36mInitializing Spring DispatcherServlet 'dispatcherServlet'[0;39m
[2024-06-10 18:01:03 [32mINFO [0;39m http-nio-8080-exec-1] [org.springframework.web.servlet.DispatcherServlet] [36mInitializing Servlet 'dispatcherServlet'[0;39m
[2024-06-10 18:01:03 [32mINFO [0;39m http-nio-8080-exec-1] [org.springframework.web.servlet.DispatcherServlet] [36mCompleted initialization in 3 ms[0;39m
[2024-06-10 18:01:03 [32mINFO [0;39m http-nio-8080-exec-9] [org.springdoc.api.AbstractOpenApiResource] [36mInit duration for springdoc-openapi is: 42 ms[0;39m
