[2024-06-12 09:35:46 [32mINFO [0;39m restartedMain] [com.green.greenfirstproject.GreenFirstProjectApplication] [36mStarting GreenFirstProjectApplication using Java 17.0.11 with PID 2480 (D:\2024-01\backEnd\GreenFirstProject\GreenFirstProject\build\classes\java\main started by Administrator in D:\2024-01\backEnd\GreenFirstProject\GreenFirstProject)[0;39m
[2024-06-12 09:35:46 [32mINFO [0;39m restartedMain] [com.green.greenfirstproject.GreenFirstProjectApplication] [36mNo active profile set, falling back to 1 default profile: "default"[0;39m
[2024-06-12 09:35:46 [32mINFO [0;39m restartedMain] [org.springframework.boot.devtools.env.DevToolsPropertyDefaultsPostProcessor] [36mDevtools property defaults active! Set 'spring.devtools.add-properties' to 'false' to disable[0;39m
[2024-06-12 09:35:46 [32mINFO [0;39m restartedMain] [org.springframework.boot.devtools.env.DevToolsPropertyDefaultsPostProcessor] [36mFor additional web related logging consider setting the 'logging.level.web' property to 'DEBUG'[0;39m
[2024-06-12 09:35:47 [32mINFO [0;39m restartedMain] [org.springframework.boot.web.embedded.tomcat.TomcatWebServer] [36mTomcat initialized with port 8080 (http)[0;39m
[2024-06-12 09:35:47 [32mINFO [0;39m restartedMain] [org.apache.coyote.http11.Http11NioProtocol] [36mInitializing ProtocolHandler ["http-nio-8080"][0;39m
[2024-06-12 09:35:47 [32mINFO [0;39m restartedMain] [org.apache.catalina.core.StandardService] [36mStarting service [Tomcat][0;39m
[2024-06-12 09:35:47 [32mINFO [0;39m restartedMain] [org.apache.catalina.core.StandardEngine] [36mStarting Servlet engine: [Apache Tomcat/10.1.24][0;39m
[2024-06-12 09:35:48 [32mINFO [0;39m restartedMain] [org.apache.jasper.servlet.TldScanner] [36mAt least one JAR was scanned for TLDs yet contained no TLDs. Enable debug logging for this logger for a complete list of JARs that were scanned but no TLDs were found in them. Skipping unneeded JARs during scanning can improve startup time and JSP compilation time.[0;39m
[2024-06-12 09:35:48 [32mINFO [0;39m restartedMain] [org.apache.catalina.core.ContainerBase.[Tomcat].[localhost].[/]] [36mInitializing Spring embedded WebApplicationContext[0;39m
[2024-06-12 09:35:48 [32mINFO [0;39m restartedMain] [org.springframework.boot.web.servlet.context.ServletWebServerApplicationContext] [36mRoot WebApplicationContext: initialization completed in 1389 ms[0;39m
[2024-06-12 09:35:48 [32mINFO [0;39m restartedMain] [org.springframework.beans.factory.annotation.AutowiredAnnotationBeanPostProcessor] [36mAutowired annotation is not supported on static fields: public static java.lang.String com.green.greenfirstproject.user.socialservice.LoginServiceForGoogle.REDIRECT_URL[0;39m
[2024-06-12 09:35:48 [32mINFO [0;39m restartedMain] [org.springframework.beans.factory.annotation.AutowiredAnnotationBeanPostProcessor] [36mAutowired annotation is not supported on static fields: public static java.lang.String com.green.greenfirstproject.user.socialservice.LoginServiceForKakao.REDIRECT_URL[0;39m
[2024-06-12 09:35:48 [32mINFO [0;39m restartedMain] [org.springframework.beans.factory.annotation.AutowiredAnnotationBeanPostProcessor] [36mAutowired annotation is not supported on static fields: public static java.lang.String com.green.greenfirstproject.user.socialservice.LoginServiceForNaver.REDIRECT_URL[0;39m
[2024-06-12 09:35:48 [32mINFO [0;39m restartedMain] [org.springframework.boot.autoconfigure.web.servlet.WelcomePageHandlerMapping] [36mAdding welcome page template: index[0;39m
[2024-06-12 09:35:48 [32mINFO [0;39m restartedMain] [org.springframework.security.web.DefaultSecurityFilterChain] [36mWill secure any request with [org.springframework.security.web.session.DisableEncodeUrlFilter@3280d926, org.springframework.security.web.context.request.async.WebAsyncManagerIntegrationFilter@7a80f316, org.springframework.security.web.context.SecurityContextHolderFilter@44c8f150, org.springframework.security.web.header.HeaderWriterFilter@25f00171, org.springframework.web.filter.CorsFilter@1bfc426a, org.springframework.security.web.authentication.logout.LogoutFilter@39b458a5, org.springframework.security.oauth2.client.web.OAuth2AuthorizationRequestRedirectFilter@29a17d0a, org.springframework.security.oauth2.client.web.OAuth2LoginAuthenticationFilter@76eab03b, org.springframework.security.web.authentication.UsernamePasswordAuthenticationFilter@66ff95b7, org.springframework.security.web.savedrequest.RequestCacheAwareFilter@4a407049, org.springframework.security.web.servletapi.SecurityContextHolderAwareRequestFilter@4a10e630, org.springframework.security.web.authentication.rememberme.RememberMeAuthenticationFilter@a684404, org.springframework.security.web.authentication.AnonymousAuthenticationFilter@197a34c0, org.springframework.security.web.access.ExceptionTranslationFilter@258571fa, org.springframework.security.web.access.intercept.AuthorizationFilter@5c212997][0;39m
[2024-06-12 09:35:48 [32mINFO [0;39m restartedMain] [org.springframework.boot.devtools.autoconfigure.OptionalLiveReloadServer] [36mLiveReload server is running on port 35729[0;39m
[2024-06-12 09:35:49 [32mINFO [0;39m restartedMain] [org.apache.coyote.http11.Http11NioProtocol] [36mStarting ProtocolHandler ["http-nio-8080"][0;39m
[2024-06-12 09:35:49 [32mINFO [0;39m restartedMain] [org.springframework.boot.web.embedded.tomcat.TomcatWebServer] [36mTomcat started on port 8080 (http) with context path ''[0;39m
[2024-06-12 09:35:49 [32mINFO [0;39m restartedMain] [com.green.greenfirstproject.GreenFirstProjectApplication] [36mStarted GreenFirstProjectApplication in 2.943 seconds (process running for 3.633)[0;39m
[2024-06-12 09:35:49 [32mINFO [0;39m http-nio-8080-exec-1] [org.apache.catalina.core.ContainerBase.[Tomcat].[localhost].[/]] [36mInitializing Spring DispatcherServlet 'dispatcherServlet'[0;39m
[2024-06-12 09:35:49 [32mINFO [0;39m http-nio-8080-exec-1] [org.springframework.web.servlet.DispatcherServlet] [36mInitializing Servlet 'dispatcherServlet'[0;39m
[2024-06-12 09:35:49 [32mINFO [0;39m http-nio-8080-exec-1] [org.springframework.web.servlet.DispatcherServlet] [36mCompleted initialization in 1 ms[0;39m
[2024-06-12 09:35:49 [32mINFO [0;39m http-nio-8080-exec-3] [org.springdoc.api.AbstractOpenApiResource] [36mInit duration for springdoc-openapi is: 295 ms[0;39m
[2024-06-12 09:36:16 [32mINFO [0;39m http-nio-8080-exec-10] [com.zaxxer.hikari.HikariDataSource] [36mHikariPool-1 - Starting...[0;39m
[2024-06-12 09:36:18 [32mINFO [0;39m http-nio-8080-exec-10] [com.zaxxer.hikari.pool.HikariPool] [36mHikariPool-1 - Added connection net.sf.log4jdbc.sql.jdbcapi.ConnectionSpy@fbb8122[0;39m
[2024-06-12 09:36:18 [32mINFO [0;39m http-nio-8080-exec-10] [com.zaxxer.hikari.HikariDataSource] [36mHikariPool-1 - Start completed.[0;39m
[2024-06-12 09:36:18 [32mDEBUG[0;39m http-nio-8080-exec-10] [jdbc.sqltiming] [36m com.zaxxer.hikari.pool.ProxyPreparedStatement.execute(ProxyPreparedStatement.java:44)
1. SELECT garden_dt AS managementDate
                , garden_gb AS gardening
        FROM garden_master AS gm1
        WHERE garden_seq = 2
          AND MONTH(garden_dt) = '3'
          AND garden_dt = (
                    SELECT MIN(garden_dt)
                      FROM garden_master AS gm2
                     WHERE gm2.garden_seq = gm1.garden_seq
                      AND DATE(gm2.garden_dt) = DATE(gm1.garden_dt)
          )
        ORDER BY garden_dt;
 {executed in 187 msec}[0;39m
[2024-06-12 09:36:18 [32mINFO [0;39m http-nio-8080-exec-10] [jdbc.resultsettable] [36m
|----------|----------|
|garden_dt |garden_gb |
|----------|----------|
|----------|----------|
[0;39m
[2024-06-12 09:36:23 [32mDEBUG[0;39m http-nio-8080-exec-1] [jdbc.sqltiming] [36m com.zaxxer.hikari.pool.ProxyPreparedStatement.execute(ProxyPreparedStatement.java:44)
1. SELECT garden_dt AS managementDate
                , garden_gb AS gardening
        FROM garden_master AS gm1
        WHERE garden_seq = 1
          AND MONTH(garden_dt) = '3'
          AND garden_dt = (
                    SELECT MIN(garden_dt)
                      FROM garden_master AS gm2
                     WHERE gm2.garden_seq = gm1.garden_seq
                      AND DATE(gm2.garden_dt) = DATE(gm1.garden_dt)
          )
        ORDER BY garden_dt;
 {executed in 196 msec}[0;39m
[2024-06-12 09:36:23 [32mINFO [0;39m http-nio-8080-exec-1] [jdbc.resultsettable] [36m
|-----------|----------|
|garden_dt  |garden_gb |
|-----------|----------|
|2024-03-31 |2         |
|-----------|----------|
[0;39m
[2024-06-12 09:36:26 [32mINFO [0;39m SpringApplicationShutdownHook] [com.zaxxer.hikari.HikariDataSource] [36mHikariPool-1 - Shutdown initiated...[0;39m
[2024-06-12 09:36:26 [32mINFO [0;39m SpringApplicationShutdownHook] [com.zaxxer.hikari.HikariDataSource] [36mHikariPool-1 - Shutdown completed.[0;39m
